  EmployeeHandler.cpp
C:\OJY\C++\0601\EmployeeHandler.cpp(4,18): error C2084: 'EmployeeHandler::EmployeeHandler(void)' 함수에 이미 본문이 있습니다.
C:\OJY\C++\0601\EmployeeHandler.h(13,3): message : '{ctor}'의 이전 정의를 참조하십시오.
  main.cpp
C:\OJY\C++\0601\SalesWorker.h(5,7): error C2143: 구문 오류: ';'이(가) 'using namespace' 앞에 없습니다.
C:\OJY\C++\0601\SalesWorker.h(5,7): error C4430: 형식 지정자가 없습니다. int로 가정합니다. 참고: C++에서는 기본 int를 지원하지 않습니다.
C:\OJY\C++\0601\main.cpp(17,41): error C2665: 'PermanentWorker::PermanentWorker': 모든 인수 형식을 변환할 수 있는 오버로드된 함수가 없습니다.
C:\OJY\C++\0601\PermanentWorker.h(12,2): message : 'PermanentWorker::PermanentWorker(char *,int)'일 수 있습니다.
C:\OJY\C++\0601\main.cpp(17,41): message : 'PermanentWorker::PermanentWorker(char *,int)': 인수 1을(를) 'const char [4]'에서 'char *'(으)로 변환할 수 없습니다.
C:\OJY\C++\0601\main.cpp(17,42): message : 문자열 리터럴로부터의 변환은 const 한정자가 손실됩니다(/Zc:strictStrings 참조).
C:\OJY\C++\0601\main.cpp(17,41): message : 인수 목록 '(const char [4], int)'을(를) 일치시키는 동안
C:\OJY\C++\0601\main.cpp(18,41): error C2665: 'PermanentWorker::PermanentWorker': 모든 인수 형식을 변환할 수 있는 오버로드된 함수가 없습니다.
C:\OJY\C++\0601\PermanentWorker.h(12,2): message : 'PermanentWorker::PermanentWorker(char *,int)'일 수 있습니다.
C:\OJY\C++\0601\main.cpp(18,41): message : 'PermanentWorker::PermanentWorker(char *,int)': 인수 1을(를) 'const char [4]'에서 'char *'(으)로 변환할 수 없습니다.
C:\OJY\C++\0601\main.cpp(18,42): message : 문자열 리터럴로부터의 변환은 const 한정자가 손실됩니다(/Zc:strictStrings 참조).
C:\OJY\C++\0601\main.cpp(18,41): message : 인수 목록 '(const char [4], int)'을(를) 일치시키는 동안
C:\OJY\C++\0601\main.cpp(21,45): error C2665: 'TemporaryWorker::TemporaryWorker': 모든 인수 형식을 변환할 수 있는 오버로드된 함수가 없습니다.
C:\OJY\C++\0601\TemporaryWorker.h(13,2): message : 'TemporaryWorker::TemporaryWorker(char *,int)'일 수 있습니다.
C:\OJY\C++\0601\main.cpp(21,45): message : 'TemporaryWorker::TemporaryWorker(char *,int)': 인수 1을(를) 'const char [5]'에서 'char *'(으)로 변환할 수 없습니다.
C:\OJY\C++\0601\main.cpp(21,46): message : 문자열 리터럴로부터의 변환은 const 한정자가 손실됩니다(/Zc:strictStrings 참조).
C:\OJY\C++\0601\main.cpp(21,45): message : 인수 목록 '(const char [5], int)'을(를) 일치시키는 동안
C:\OJY\C++\0601\main.cpp(26,39): error C2665: 'SalesWorker::SalesWorker': 모든 인수 형식을 변환할 수 있는 오버로드된 함수가 없습니다.
C:\OJY\C++\0601\SalesWorker.h(13,2): message : 'SalesWorker::SalesWorker(char *,int,double)'일 수 있습니다.
C:\OJY\C++\0601\main.cpp(26,39): message : 'SalesWorker::SalesWorker(char *,int,double)': 인수 1을(를) 'const char [5]'에서 'char *'(으)로 변환할 수 없습니다.
C:\OJY\C++\0601\main.cpp(26,40): message : 문자열 리터럴로부터의 변환은 const 한정자가 손실됩니다(/Zc:strictStrings 참조).
C:\OJY\C++\0601\main.cpp(26,39): message : 인수 목록 '(const char [5], int, double)'을(를) 일치시키는 동안
  PermanentWorker.cpp
C:\OJY\C++\0601\PermanentWorker.cpp(3,7): error C2143: 구문 오류: ';'이(가) 'using namespace' 앞에 없습니다.
C:\OJY\C++\0601\PermanentWorker.cpp(3,7): error C4430: 형식 지정자가 없습니다. int로 가정합니다. 참고: C++에서는 기본 int를 지원하지 않습니다.
  SalesWorker.cpp
C:\OJY\C++\0601\SalesWorker.h(5,7): error C2143: 구문 오류: ';'이(가) 'using namespace' 앞에 없습니다.
C:\OJY\C++\0601\SalesWorker.h(5,7): error C4430: 형식 지정자가 없습니다. int로 가정합니다. 참고: C++에서는 기본 int를 지원하지 않습니다.
  코드를 생성하고 있습니다...
